
SQL*Loader: Release 12.1.0.1.0 - Production on Wed Dec 4 11:22:18 2019

Copyright (c) 1982, 2013, Oracle and/or its affiliates.  All rights reserved.

Control File:   control_file.ctl
Data File:      data.txt
  Bad File:     data.bad
  Discard File:  none specified
 
 (Allow all discards)

Number to load: ALL
Number to skip: 0
Errors allowed: 50
Bind array:     64 rows, maximum of 256000 bytes
Continuation:    none specified
Path used:      Conventional

Table LOAD_DATA, loaded from every logical record.
Insert option in effect for this table: REPLACE

   Column Name                  Position   Len  Term Encl Datatype
------------------------------ ---------- ----- ---- ---- ---------------------
T1                                  FIRST     *   ;  O(") CHARACTER            
T2                                   NEXT     *   ;  O(") CHARACTER            
T3                                   NEXT     *   ;  O(") CHARACTER            


Table LOAD_DATA:
  7 Rows successfully loaded.
  0 Rows not loaded due to data errors.
  0 Rows not loaded because all WHEN clauses were failed.
  0 Rows not loaded because all fields were null.


Space allocated for bind array:                  49536 bytes(64 rows)
Read   buffer bytes: 1048576

Total logical records skipped:          0
Total logical records read:             7
Total logical records rejected:         0
Total logical records discarded:        0

Run began on Wed Dec 04 11:22:18 2019
Run ended on Wed Dec 04 11:22:18 2019

Elapsed time was:     00:00:00.07
CPU time was:         00:00:00.02
